<?xml version="1.0" encoding="UTF-8"?>
<!-- Generated by org.testng.reporters.JUnitReportReporter -->
<testsuite hostname="TRIQUARTISTA10" failures="0" tests="4" name="com.saucedemo.loginTest" time="90.791" errors="0" timestamp="2022-06-22T03:18:48 EDT" skipped="0">
  <testcase classname="com.saucedemo.loginTest" name="test1" time="5.268"/>
  <system-out/>
  <testcase classname="com.saucedemo.loginTest" name="test3" time="5.623"/>
  <system-out/>
  <testcase classname="com.saucedemo.loginTest" name="test2" time="73.615"/>
  <system-out/>
  <testcase classname="com.saucedemo.loginTest" name="addItems" time="6.285"/>
  <system-out/>
</testsuite> <!-- com.saucedemo.loginTest -->
