<?xml version="1.0" encoding="UTF-8"?>
<!-- Generated by org.testng.reporters.JUnitReportReporter -->
<testsuite hostname="TRIQUARTISTA10" failures="0" tests="2" name="com.saucedemo.basicComponentTest" time="12.081" errors="0" timestamp="2022-06-22T03:18:48 EDT" skipped="0">
  <testcase classname="com.saucedemo.basicComponentTest" name="test1" time="4.630"/>
  <system-out/>
  <testcase classname="com.saucedemo.basicComponentTest" name="test2" time="7.451"/>
  <system-out/>
</testsuite> <!-- com.saucedemo.basicComponentTest -->
